<?xml version="1.0" encoding="UTF-8"?>
<!-- Generated by org.testng.reporters.JUnitReportReporter -->
<testsuite hostname="PMLDVBALAJID" failures="0" tests="1" name="BalajiSoft.TestComponent.Shree" time="24.571" errors="0" timestamp="2024-04-18T16:59:07 IST" skipped="0">
  <testcase classname="BalajiSoft.TestComponent.Shree" name="testGoogle" time="24.571"/>
</testsuite> <!-- BalajiSoft.TestComponent.Shree -->
