<?xml version="1.0" encoding="UTF-8"?>
<!-- Generated by org.testng.reporters.JUnitReportReporter -->
<testsuite hostname="PMLDVBALAJID" failures="0" tests="1" name="BalajiSoft.SaleniumDesign.tests.ErrroValidation" time="12.000" errors="0" timestamp="2024-04-16T19:42:07 IST" skipped="0">
  <testcase classname="BalajiSoft.SaleniumDesign.tests.ErrroValidation" name="submitOrder" time="12.000"/>
</testsuite> <!-- BalajiSoft.SaleniumDesign.tests.ErrroValidation -->
