<?xml version="1.0" encoding="UTF-8"?>
<!-- Generated by org.testng.reporters.JUnitReportReporter -->
<testsuite hostname="PMLDVBALAJID" failures="0" tests="2" name="BalajiSoft.SaleniumDesign.tests.SubmitOrderTest" time="22.518" errors="0" timestamp="2024-04-18T18:25:28 IST" skipped="0">
  <testcase classname="BalajiSoft.SaleniumDesign.tests.SubmitOrderTest" name="submitOrder" time="11.396"/>
  <testcase classname="BalajiSoft.SaleniumDesign.tests.SubmitOrderTest" name="submitOrder" time="11.122"/>
</testsuite> <!-- BalajiSoft.SaleniumDesign.tests.SubmitOrderTest -->
