<?xml version="1.0" encoding="UTF-8"?>
<!-- Generated by org.testng.reporters.JUnitReportReporter -->
<testsuite hostname="PMLDVBALAJID" failures="0" tests="1" name="cucumber.Testasa" time="4.571" errors="0" timestamp="2024-04-19T14:52:25 IST" skipped="0">
  <testcase classname="cucumber.Testasa" name="test" time="4.571"/>
</testsuite> <!-- cucumber.Testasa -->
