<?xml version="1.0" encoding="UTF-8"?>
<!-- Generated by org.testng.reporters.JUnitReportReporter -->
<testsuite hostname="PMLDVBALAJID" failures="0" tests="3" name="BalajiSoft.SaleniumDesign.tests.SubmitOrderTest" time="23.860" errors="0" timestamp="2024-05-14T18:35:37 IST" skipped="0">
  <testcase classname="BalajiSoft.SaleniumDesign.tests.SubmitOrderTest" name="OrderHistoryTest" time="5.106"/>
  <testcase classname="BalajiSoft.SaleniumDesign.tests.SubmitOrderTest" name="submitOrder" time="10.277"/>
  <testcase classname="BalajiSoft.SaleniumDesign.tests.SubmitOrderTest" name="submitOrder" time="8.477"/>
</testsuite> <!-- BalajiSoft.SaleniumDesign.tests.SubmitOrderTest -->
