<?xml version="1.0" encoding="UTF-8"?>
<!-- Generated by org.testng.reporters.JUnitReportReporter -->
<testsuite hostname="PMLDVBALAJID" failures="0" tests="1" name="cucumber.TestNGTestRunner" time="11.306" errors="0" timestamp="2024-04-19T18:17:44 IST" skipped="0">
  <testcase classname="cucumber.TestNGTestRunner" name="runScenario" time="11.306"/>
</testsuite> <!-- cucumber.TestNGTestRunner -->
